   STO-3G FOR ATOMIC NUMBERS     2 AND     1

   R          ZETA1      ZETA2      S12        T11

   1.463200   2.092500   1.240000   0.450770   2.164313

   T12        T22        V11A       V12A       V22A

   0.167013   0.760033  -4.139827  -1.102913  -1.265246

   V11B       V12B       V22B       V1111      V2111

  -0.677230  -0.411305  -1.226615   1.307152   0.437279

   V2121      V2211      V2221      V2222

   0.177267   0.605703   0.311795   0.774608





    THE S    ARRAY
                           1                  2
         0            1.0000000000       0.4507704116
         1            0.4507704116       1.0000000000




    THE X    ARRAY
                           1                  2
         0            0.5870642812       0.9541310722
         1            0.5870642812      -0.9541310722




    THE H    ARRAY
                           1                  2
         0           -2.6527447247      -1.3472051723
         1           -1.3472051723      -1.7318283979


   ( 0 0 0 0 )  1.307152
   ( 0 0 0 1 )  0.437279
   ( 0 0 1 0 )  0.437279
   ( 0 0 1 1 )  0.605703
   ( 0 1 0 0 )  0.437279
   ( 0 1 0 1 )  0.177267
   ( 0 1 1 0 )  0.177267
   ( 0 1 1 1 )  0.311795
   ( 1 0 0 0 )  0.437279
   ( 1 0 0 1 )  0.177267
   ( 1 0 1 0 )  0.177267
   ( 1 0 1 1 )  0.311795
   ( 1 1 0 0 )  0.605703
   ( 1 1 0 1 )  0.311795
   ( 1 1 1 0 )  0.311795
   ( 1 1 1 1 )  0.774608

    START OF ITERATION NUMBER =  1




    THE G    ARRAY
                           1                  2
         0            0.0000000000       0.0000000000
         1            0.0000000000       0.0000000000




    THE F    ARRAY
                           1                  2
         0           -2.6527447247      -1.3472051723
         1           -1.3472051723      -1.7318283979



    ELECTRONIC ENERGY =       0.000000000000




    THE F'   ARRAY
                           1                  2
         0           -2.4397325071      -0.5158386382
         1           -0.5158386382      -1.5386669016




    THE C'   ARRAY
                           1                  2
         0            0.9104452936       0.4136295049
         1            0.4136295049      -0.9104452936




    THE E    ARRAY
                           1                  2
         0           -2.6740860504       0.0000000000
         1            0.0000000000      -1.3043133583




    THE C    ARRAY
                           1                  2
         0            0.9291466749      -0.6258570362
         1            0.1398331488       1.1115112522




    THE P    ARRAY
                           1                  2
         0            1.7266270870       0.2598510105
         1            0.2598510105       0.0391066190

    DELTA(CONVERGENCE OF DENSITY MATRIX) =   0.882867

    START OF ITERATION NUMBER =  2




    THE G    ARRAY
                           1                  2
         0            1.2623300127       0.3740040248
         1            0.3740040248       0.9889530230




    THE F    ARRAY
                           1                  2
         0           -1.3904147120      -0.9732011475
         1           -0.9732011475      -0.7428753749



    ELECTRONIC ENERGY =      -4.141862876134




    THE F'   ARRAY
                           1                  2
         0           -1.4060434198      -0.3627102703
         1           -0.3627102703      -0.1701363108




    THE C'   ARRAY
                           1                  2
         0            0.9649913880       0.2622815684
         1            0.2622815684      -0.9649913880




    THE E    ARRAY
                           1                  2
         0           -1.5046269095       0.0000000000
         1            0.0000000000      -0.0715528211




    THE C    ARRAY
                           1                  2
         0            0.8167629696      -0.7667521273
         1            0.3162609815       1.0747044081




    THE P    ARRAY
                           1                  2
         0            1.3342034970       0.5166205169
         1            0.5166205169       0.2000420169

    DELTA(CONVERGENCE OF DENSITY MATRIX) =   0.279176

    START OF ITERATION NUMBER =  3




    THE G    ARRAY
                           1                  2
         0            1.2013462807       0.3038061650
         1            0.3038061650       0.9284329239




    THE F    ARRAY
                           1                  2
         0           -1.4513984439      -1.0433990073
         1           -1.0433990073      -0.8033954740



    ELECTRONIC ENERGY =      -4.226491899129




    THE F'   ARRAY
                           1                  2
         0           -1.4963056517      -0.3629699679
         1           -0.3629699679      -0.1529377758




    THE C'   ARRAY
                           1                  2
         0            0.9694747624       0.2451911195
         1            0.2451911195      -0.9694747624




    THE E    ARRAY
                           1                  2
         0           -1.5881048571       0.0000000000
         1            0.0000000000      -0.0611385704




    THE C    ARRAY
                           1                  2
         0            0.8030884703      -0.7810630462
         1            0.3351995387       1.0689489429




    THE P    ARRAY
                           1                  2
         0            1.2899021823       0.5383897696
         1            0.5383897696       0.2247174615

    DELTA(CONVERGENCE OF DENSITY MATRIX) =   0.029662

    START OF ITERATION NUMBER =  4




    THE G    ARRAY
                           1                  2
         0            1.1946701849       0.2971625796
         1            0.2971625796       0.9218704894




    THE F    ARRAY
                           1                  2
         0           -1.4580745398      -1.0500425927
         1           -1.0500425927      -0.8099579085



    ELECTRONIC ENERGY =      -4.227522925344




    THE F'   ARRAY
                           1                  2
         0           -1.5054475879      -0.3630336337
         1           -0.3630336337      -0.1528934953




    THE C'   ARRAY
                           1                  2
         0            0.9698136577       0.2438472255
         1            0.2438472255      -0.9698136577




    THE E    ARRAY
                           1                  2
         0           -1.5967277464       0.0000000000
         1            0.0000000000      -0.0616133368




    THE C    ARRAY
                           1                  2
         0            0.8020051726      -0.7821753489
         1            0.3366807431       1.0684833412




    THE P    ARRAY
                           1                  2
         0            1.2864245937       0.5400393950
         1            0.5400393950       0.2267078456

    DELTA(CONVERGENCE OF DENSITY MATRIX) =   0.002318

    START OF ITERATION NUMBER =  5




    THE G    ARRAY
                           1                  2
         0            1.1941478316       0.2966515810
         1            0.2966515810       0.9213575616




    THE F    ARRAY
                           1                  2
         0           -1.4585968930      -1.0505535913
         1           -1.0505535913      -0.8104708363



    ELECTRONIC ENERGY =      -4.227529268100




    THE F'   ARRAY
                           1                  2
         0           -1.5061566175      -0.3630389133
         1           -0.3630389133      -0.1529055884




    THE C'   ARRAY
                           1                  2
         0            0.9698390837       0.2437460806
         1            0.2437460806      -0.9698390837




    THE E    ARRAY
                           1                  2
         0           -1.5973978489       0.0000000000
         1            0.0000000000      -0.0616643570




    THE C    ARRAY
                           1                  2
         0            0.8019235938      -0.7822589872
         1            0.3367921753       1.0684482224




    THE P    ARRAY
                           1                  2
         0            1.2861629005       0.5401631831
         1            0.5401631831       0.2268579387

    DELTA(CONVERGENCE OF DENSITY MATRIX) =   0.000174

    START OF ITERATION NUMBER =  6




    THE G    ARRAY
                           1                  2
         0            1.1941085339       0.2966131895
         1            0.2966131895       0.9213189762




    THE F    ARRAY
                           1                  2
         0           -1.4586361907      -1.0505919828
         1           -1.0505919828      -0.8105094218



    ELECTRONIC ENERGY =      -4.227529304014




    THE F'   ARRAY
                           1                  2
         0           -1.5062099223      -0.3630393122
         1           -0.3630393122      -0.1529065900




    THE C'   ARRAY
                           1                  2
         0            0.9698409902       0.2437384947
         1            0.2437384947      -0.9698409902




    THE E    ARRAY
                           1                  2
         0           -1.5974482350       0.0000000000
         1            0.0000000000      -0.0616682773




    THE C    ARRAY
                           1                  2
         0            0.8019174750      -0.7822652597
         1            0.3368005325       1.0684455880




    THE P    ARRAY
                           1                  2
         0            1.2861432735       0.5401724653
         1            0.5401724653       0.2268691974

    DELTA(CONVERGENCE OF DENSITY MATRIX) =   0.000013


    CALCULATION CONVERGED

    ELECTRONIC ENERGY =      -4.227529304014

    TOTAL ENERGY =           -2.860662163500





    THE PS   ARRAY
                           1                  2
         0            1.5296370381       1.1199277981
         1            0.6424383868       0.4703629619
