   STO-3G FOR ATOMIC NUMBERS  2.00 AND  1.00


   R          ZETA1      ZETA2      S12        T11

   1.463200   2.092500   1.240000   0.450770   2.164313


   T12        T22        V11A       V12A       V22A

   0.167013   0.760033  -4.139827  -1.102913  -1.265246


   V11B       V12B       V22B       V1111      V2111

  -0.677230  -0.411305  -1.226615   1.307152   0.437279


   V2121      V2211      V2221      V2222

   0.177267   0.605703   0.311795   0.774608



    THE S    ARRAY
                           1                  2
         1        0.1000000000E+01   0.4507704116E+00
         2        0.4507704116E+00   0.1000000000E+01



    THE X    ARRAY
                           1                  2
         1        0.5870642812E+00   0.9541310722E+00
         2        0.5870642812E+00  -0.9541310722E+00



    THE H    ARRAY
                           1                  2
         1       -0.2652744725E+01  -0.1347205172E+01
         2       -0.1347205172E+01  -0.1731828398E+01



   ( 1 1 1 1 )  1.307152
   ( 1 1 1 2 )  0.437279
   ( 1 1 2 1 )  0.437279
   ( 1 1 2 2 )  0.605703
   ( 1 2 1 1 )  0.437279
   ( 1 2 1 2 )  0.177267
   ( 1 2 2 1 )  0.177267
   ( 1 2 2 2 )  0.311795
   ( 2 1 1 1 )  0.437279
   ( 2 1 1 2 )  0.177267
   ( 2 1 2 1 )  0.177267
   ( 2 1 2 2 )  0.311795
   ( 2 2 1 1 )  0.605703
   ( 2 2 1 2 )  0.311795
   ( 2 2 2 1 )  0.311795
   ( 2 2 2 2 )  0.774608



    THE P    ARRAY
                           1                  2
         1        0.0000000000E+00   0.0000000000E+00
         2        0.0000000000E+00   0.0000000000E+00

    START OF ITERATION NUMBER =  1



    THE G    ARRAY
                           1                  2
         1        0.0000000000E+00   0.0000000000E+00
         2        0.0000000000E+00   0.0000000000E+00



    THE F    ARRAY
                           1                  2
         1       -0.2652744725E+01  -0.1347205172E+01
         2       -0.1347205172E+01  -0.1731828398E+01



    ELECTRONIC ENERGY =   0.000000000000E+00



    THE F'   ARRAY
                           1                  2
         1       -0.2439732507E+01  -0.5158386382E+00
         2       -0.5158386382E+00  -0.1538666902E+01



    THE C'   ARRAY
                           1                  2
         1        0.9104452936E+00   0.4136295049E+00
         2        0.4136295049E+00  -0.9104452936E+00



    THE E    ARRAY
                           1                  2
         1       -0.2674086050E+01   0.0000000000E+00
         2        0.0000000000E+00  -0.1304313358E+01



    THE C    ARRAY
                           1                  2
         1        0.9291466749E+00  -0.6258570362E+00
         2        0.1398331488E+00   0.1111511252E+01



    THE P    ARRAY
                           1                  2
         1        0.1726627087E+01   0.2598510105E+00
         2        0.2598510105E+00   0.3910661902E-01

    DELTA(CONVERGENCE OF DENSITY MATRIX) =   0.882867


    START OF ITERATION NUMBER =  2



    THE G    ARRAY
                           1                  2
         1        0.1262330013E+01   0.3740040248E+00
         2        0.3740040248E+00   0.9889530230E+00



    THE F    ARRAY
                           1                  2
         1       -0.1390414712E+01  -0.9732011475E+00
         2       -0.9732011475E+00  -0.7428753749E+00



    ELECTRONIC ENERGY =  -0.414186287613E+01



    THE F'   ARRAY
                           1                  2
         1       -0.1406043420E+01  -0.3627102703E+00
         2       -0.3627102703E+00  -0.1701363108E+00



    THE C'   ARRAY
                           1                  2
         1        0.9649913880E+00   0.2622815684E+00
         2        0.2622815684E+00  -0.9649913880E+00



    THE E    ARRAY
                           1                  2
         1       -0.1504626910E+01   0.0000000000E+00
         2        0.0000000000E+00  -0.7155282108E-01



    THE C    ARRAY
                           1                  2
         1        0.8167629696E+00  -0.7667521273E+00
         2        0.3162609815E+00   0.1074704408E+01



    THE P    ARRAY
                           1                  2
         1        0.1334203497E+01   0.5166205169E+00
         2        0.5166205169E+00   0.2000420169E+00

    DELTA(CONVERGENCE OF DENSITY MATRIX) =   0.279176


    START OF ITERATION NUMBER =  3



    THE G    ARRAY
                           1                  2
         1        0.1201346281E+01   0.3038061650E+00
         2        0.3038061650E+00   0.9284329239E+00



    THE F    ARRAY
                           1                  2
         1       -0.1451398444E+01  -0.1043399007E+01
         2       -0.1043399007E+01  -0.8033954740E+00



    ELECTRONIC ENERGY =  -0.422649189913E+01



    THE F'   ARRAY
                           1                  2
         1       -0.1496305652E+01  -0.3629699679E+00
         2       -0.3629699679E+00  -0.1529377758E+00



    THE C'   ARRAY
                           1                  2
         1        0.9694747624E+00   0.2451911195E+00
         2        0.2451911195E+00  -0.9694747624E+00



    THE E    ARRAY
                           1                  2
         1       -0.1588104857E+01   0.0000000000E+00
         2        0.0000000000E+00  -0.6113857044E-01



    THE C    ARRAY
                           1                  2
         1        0.8030884703E+00  -0.7810630462E+00
         2        0.3351995387E+00   0.1068948943E+01



    THE P    ARRAY
                           1                  2
         1        0.1289902182E+01   0.5383897696E+00
         2        0.5383897696E+00   0.2247174615E+00

    DELTA(CONVERGENCE OF DENSITY MATRIX) =   0.029662


    START OF ITERATION NUMBER =  4



    THE G    ARRAY
                           1                  2
         1        0.1194670185E+01   0.2971625796E+00
         2        0.2971625796E+00   0.9218704894E+00



    THE F    ARRAY
                           1                  2
         1       -0.1458074540E+01  -0.1050042593E+01
         2       -0.1050042593E+01  -0.8099579085E+00



    ELECTRONIC ENERGY =  -0.422752292534E+01



    THE F'   ARRAY
                           1                  2
         1       -0.1505447588E+01  -0.3630336337E+00
         2       -0.3630336337E+00  -0.1528934953E+00



    THE C'   ARRAY
                           1                  2
         1        0.9698136577E+00   0.2438472255E+00
         2        0.2438472255E+00  -0.9698136577E+00



    THE E    ARRAY
                           1                  2
         1       -0.1596727746E+01   0.0000000000E+00
         2        0.0000000000E+00  -0.6161333683E-01



    THE C    ARRAY
                           1                  2
         1        0.8020051726E+00  -0.7821753489E+00
         2        0.3366807431E+00   0.1068483341E+01



    THE P    ARRAY
                           1                  2
         1        0.1286424594E+01   0.5400393950E+00
         2        0.5400393950E+00   0.2267078456E+00

    DELTA(CONVERGENCE OF DENSITY MATRIX) =   0.002318


    START OF ITERATION NUMBER =  5



    THE G    ARRAY
                           1                  2
         1        0.1194147832E+01   0.2966515810E+00
         2        0.2966515810E+00   0.9213575616E+00



    THE F    ARRAY
                           1                  2
         1       -0.1458596893E+01  -0.1050553591E+01
         2       -0.1050553591E+01  -0.8104708363E+00



    ELECTRONIC ENERGY =  -0.422752926810E+01



    THE F'   ARRAY
                           1                  2
         1       -0.1506156618E+01  -0.3630389133E+00
         2       -0.3630389133E+00  -0.1529055884E+00



    THE C'   ARRAY
                           1                  2
         1        0.9698390837E+00   0.2437460806E+00
         2        0.2437460806E+00  -0.9698390837E+00



    THE E    ARRAY
                           1                  2
         1       -0.1597397849E+01   0.0000000000E+00
         2        0.0000000000E+00  -0.6166435699E-01



    THE C    ARRAY
                           1                  2
         1        0.8019235938E+00  -0.7822589872E+00
         2        0.3367921753E+00   0.1068448222E+01



    THE P    ARRAY
                           1                  2
         1        0.1286162901E+01   0.5401631831E+00
         2        0.5401631831E+00   0.2268579387E+00

    DELTA(CONVERGENCE OF DENSITY MATRIX) =   0.000174


    START OF ITERATION NUMBER =  6



    THE G    ARRAY
                           1                  2
         1        0.1194108534E+01   0.2966131895E+00
         2        0.2966131895E+00   0.9213189762E+00



    THE F    ARRAY
                           1                  2
         1       -0.1458636191E+01  -0.1050591983E+01
         2       -0.1050591983E+01  -0.8105094218E+00



    ELECTRONIC ENERGY =  -0.422752930401E+01



    THE F'   ARRAY
                           1                  2
         1       -0.1506209922E+01  -0.3630393122E+00
         2       -0.3630393122E+00  -0.1529065900E+00



    THE C'   ARRAY
                           1                  2
         1        0.9698409902E+00   0.2437384947E+00
         2        0.2437384947E+00  -0.9698409902E+00



    THE E    ARRAY
                           1                  2
         1       -0.1597448235E+01   0.0000000000E+00
         2        0.0000000000E+00  -0.6166827732E-01



    THE C    ARRAY
                           1                  2
         1        0.8019174750E+00  -0.7822652597E+00
         2        0.3368005325E+00   0.1068445588E+01



    THE P    ARRAY
                           1                  2
         1        0.1286143274E+01   0.5401724653E+00
         2        0.5401724653E+00   0.2268691974E+00

    DELTA(CONVERGENCE OF DENSITY MATRIX) =   0.000013



    CALCULATION CONVERGED

    ELECTRONIC ENERGY =  -0.422752930401E+01

    TOTAL ENERGY =       -0.286066216350E+01



    THE PS   ARRAY
                           1                  2
         1        0.1529637038E+01   0.1119927798E+01
         2        0.6424383868E+00   0.4703629619E+00
